<?xml version="1.0" encoding="UTF-8"?>
<!-- Generated by org.testng.reporters.JUnitReportReporter -->
<testsuite hostname="Lakshmikanth_HP" failures="0" tests="2" name="api.test.DataDrivenTest" time="4.469" errors="0" timestamp="2024-03-25T12:59:52 IST" skipped="0">
  <testcase classname="api.test.DataDrivenTest" name="testPostUser" time="2.619"/>
  <testcase classname="api.test.DataDrivenTest" name="testDeleteUserByName" time="1.850"/>
</testsuite> <!-- api.test.DataDrivenTest -->
