<?xml version="1.0" encoding="UTF-8"?>
<!-- Generated by org.testng.reporters.JUnitReportReporter -->
<testsuite hostname="Lakshmikanth_HP" failures="0" tests="4" name="api.test.UserTests" time="7.453" errors="0" timestamp="2024-03-25T15:19:13 IST" skipped="0">
  <testcase classname="api.test.UserTests" name="testPostUser" time="2.487"/>
  <testcase classname="api.test.UserTests" name="testgetUserByname" time="1.258"/>
  <testcase classname="api.test.UserTests" name="testUpdateUserByName" time="2.443"/>
  <testcase classname="api.test.UserTests" name="testDeleteUser" time="1.265"/>
</testsuite> <!-- api.test.UserTests -->
