<?xml version="1.0" encoding="UTF-8"?>
<!-- Generated by org.testng.reporters.JUnitReportReporter -->
<testsuite hostname="Lakshmikanth_HP" failures="0" tests="4" name="api.test.UserTests" time="7.879" errors="0" timestamp="2024-03-26T14:35:56 IST" skipped="0">
  <testcase classname="api.test.UserTests" name="testPostUser" time="2.607"/>
  <testcase classname="api.test.UserTests" name="testgetUserByname" time="1.323"/>
  <testcase classname="api.test.UserTests" name="testUpdateUserByName" time="2.624"/>
  <testcase classname="api.test.UserTests" name="testDeleteUser" time="1.325"/>
</testsuite> <!-- api.test.UserTests -->
